running egg_info
creating build/aura/aura.egg-info
writing build/aura/aura.egg-info/PKG-INFO
writing dependency_links to build/aura/aura.egg-info/dependency_links.txt
writing entry points to build/aura/aura.egg-info/entry_points.txt
writing requirements to build/aura/aura.egg-info/requires.txt
writing top-level names to build/aura/aura.egg-info/top_level.txt
writing manifest file 'build/aura/aura.egg-info/SOURCES.txt'
reading manifest file 'build/aura/aura.egg-info/SOURCES.txt'
adding license file 'LICENSE'
writing manifest file 'build/aura/aura.egg-info/SOURCES.txt'
running build
running build_py
creating /root/ros2_ws/src/aura/build/aura/build
creating /root/ros2_ws/src/aura/build/aura/build/lib
creating /root/ros2_ws/src/aura/build/aura/build/lib/aura
copying aura/my_robot_driver.py -> /root/ros2_ws/src/aura/build/aura/build/lib/aura
copying aura/__init__.py -> /root/ros2_ws/src/aura/build/aura/build/lib/aura
running install
running install_lib
creating /root/ros2_ws/src/aura/install/aura/lib/python3.10/site-packages/aura
copying /root/ros2_ws/src/aura/build/aura/build/lib/aura/my_robot_driver.py -> /root/ros2_ws/src/aura/install/aura/lib/python3.10/site-packages/aura
copying /root/ros2_ws/src/aura/build/aura/build/lib/aura/__init__.py -> /root/ros2_ws/src/aura/install/aura/lib/python3.10/site-packages/aura
byte-compiling /root/ros2_ws/src/aura/install/aura/lib/python3.10/site-packages/aura/my_robot_driver.py to my_robot_driver.cpython-310.pyc
byte-compiling /root/ros2_ws/src/aura/install/aura/lib/python3.10/site-packages/aura/__init__.py to __init__.cpython-310.pyc
running install_data
creating /root/ros2_ws/src/aura/install/aura/share/ament_index
creating /root/ros2_ws/src/aura/install/aura/share/ament_index/resource_index
creating /root/ros2_ws/src/aura/install/aura/share/ament_index/resource_index/packages
copying resource/aura -> /root/ros2_ws/src/aura/install/aura/share/ament_index/resource_index/packages
creating /root/ros2_ws/src/aura/install/aura/share/aura/launch
copying launch/robot_launch.py -> /root/ros2_ws/src/aura/install/aura/share/aura/launch
creating /root/ros2_ws/src/aura/install/aura/share/aura/worlds
copying worlds/my_world.wbt -> /root/ros2_ws/src/aura/install/aura/share/aura/worlds
creating /root/ros2_ws/src/aura/install/aura/share/aura/resource
copying resource/my_robot.urdf -> /root/ros2_ws/src/aura/install/aura/share/aura/resource
copying package.xml -> /root/ros2_ws/src/aura/install/aura/share/aura
running install_egg_info
Copying build/aura/aura.egg-info to /root/ros2_ws/src/aura/install/aura/lib/python3.10/site-packages/aura-0.0.0-py3.10.egg-info
running install_scripts
Installing my_robot_driver script to /root/ros2_ws/src/aura/install/aura/lib/aura
writing list of installed files to '/root/ros2_ws/src/aura/build/aura/install.log'
