[0.810s] Invoking command in '/root/ros2_ws/src/aura': PYTHONPATH=/root/ros2_ws/src/aura/build/aura/prefix_override:/usr/lib/python3/dist-packages/colcon_core/task/python/colcon_distutils_commands:/root/ros2_ws/src/aura/install/aura/lib/python3.10/site-packages:${PYTHONPATH} /usr/bin/python3 -W ignore:setup.py install is deprecated -W ignore:easy_install command is deprecated setup.py egg_info --egg-base build/aura build --build-base /root/ros2_ws/src/aura/build/aura/build install --record /root/ros2_ws/src/aura/build/aura/install.log --single-version-externally-managed install_data
[1.102s] running egg_info
[1.102s] creating build/aura/aura.egg-info
[1.102s] writing build/aura/aura.egg-info/PKG-INFO
[1.103s] writing dependency_links to build/aura/aura.egg-info/dependency_links.txt
[1.103s] writing entry points to build/aura/aura.egg-info/entry_points.txt
[1.103s] writing requirements to build/aura/aura.egg-info/requires.txt
[1.103s] writing top-level names to build/aura/aura.egg-info/top_level.txt
[1.103s] writing manifest file 'build/aura/aura.egg-info/SOURCES.txt'
[1.104s] reading manifest file 'build/aura/aura.egg-info/SOURCES.txt'
[1.105s] adding license file 'LICENSE'
[1.105s] writing manifest file 'build/aura/aura.egg-info/SOURCES.txt'
[1.105s] running build
[1.105s] running build_py
[1.105s] creating /root/ros2_ws/src/aura/build/aura/build
[1.106s] creating /root/ros2_ws/src/aura/build/aura/build/lib
[1.106s] creating /root/ros2_ws/src/aura/build/aura/build/lib/aura
[1.106s] copying aura/my_robot_driver.py -> /root/ros2_ws/src/aura/build/aura/build/lib/aura
[1.106s] copying aura/__init__.py -> /root/ros2_ws/src/aura/build/aura/build/lib/aura
[1.106s] running install
[1.106s] running install_lib
[1.107s] creating /root/ros2_ws/src/aura/install/aura/lib/python3.10/site-packages/aura
[1.107s] copying /root/ros2_ws/src/aura/build/aura/build/lib/aura/my_robot_driver.py -> /root/ros2_ws/src/aura/install/aura/lib/python3.10/site-packages/aura
[1.107s] copying /root/ros2_ws/src/aura/build/aura/build/lib/aura/__init__.py -> /root/ros2_ws/src/aura/install/aura/lib/python3.10/site-packages/aura
[1.107s] byte-compiling /root/ros2_ws/src/aura/install/aura/lib/python3.10/site-packages/aura/my_robot_driver.py to my_robot_driver.cpython-310.pyc
[1.108s] byte-compiling /root/ros2_ws/src/aura/install/aura/lib/python3.10/site-packages/aura/__init__.py to __init__.cpython-310.pyc
[1.108s] running install_data
[1.108s] creating /root/ros2_ws/src/aura/install/aura/share/ament_index
[1.108s] creating /root/ros2_ws/src/aura/install/aura/share/ament_index/resource_index
[1.109s] creating /root/ros2_ws/src/aura/install/aura/share/ament_index/resource_index/packages
[1.109s] copying resource/aura -> /root/ros2_ws/src/aura/install/aura/share/ament_index/resource_index/packages
[1.109s] creating /root/ros2_ws/src/aura/install/aura/share/aura/launch
[1.109s] copying launch/robot_launch.py -> /root/ros2_ws/src/aura/install/aura/share/aura/launch
[1.109s] creating /root/ros2_ws/src/aura/install/aura/share/aura/worlds
[1.109s] copying worlds/my_world.wbt -> /root/ros2_ws/src/aura/install/aura/share/aura/worlds
[1.109s] creating /root/ros2_ws/src/aura/install/aura/share/aura/resource
[1.109s] copying resource/my_robot.urdf -> /root/ros2_ws/src/aura/install/aura/share/aura/resource
[1.109s] copying package.xml -> /root/ros2_ws/src/aura/install/aura/share/aura
[1.109s] running install_egg_info
[1.111s] Copying build/aura/aura.egg-info to /root/ros2_ws/src/aura/install/aura/lib/python3.10/site-packages/aura-0.0.0-py3.10.egg-info
[1.112s] running install_scripts
[1.144s] Installing my_robot_driver script to /root/ros2_ws/src/aura/install/aura/lib/aura
[1.144s] writing list of installed files to '/root/ros2_ws/src/aura/build/aura/install.log'
[1.169s] Invoked command in '/root/ros2_ws/src/aura' returned '0': PYTHONPATH=/root/ros2_ws/src/aura/build/aura/prefix_override:/usr/lib/python3/dist-packages/colcon_core/task/python/colcon_distutils_commands:/root/ros2_ws/src/aura/install/aura/lib/python3.10/site-packages:${PYTHONPATH} /usr/bin/python3 -W ignore:setup.py install is deprecated -W ignore:easy_install command is deprecated setup.py egg_info --egg-base build/aura build --build-base /root/ros2_ws/src/aura/build/aura/build install --record /root/ros2_ws/src/aura/build/aura/install.log --single-version-externally-managed install_data
