[0.139s] DEBUG:colcon:Command line arguments: ['/usr/bin/colcon', 'build', '--symlink-install']
[0.139s] DEBUG:colcon:Parsed command line arguments: Namespace(log_base=None, log_level=None, verb_name='build', build_base='build', install_base='install', merge_install=False, symlink_install=True, test_result_base=None, continue_on_error=False, executor='parallel', parallel_workers=22, event_handlers=None, ignore_user_meta=False, metas=['./colcon.meta'], base_paths=['.'], packages_ignore=None, packages_ignore_regex=None, paths=None, packages_up_to=None, packages_up_to_regex=None, packages_above=None, packages_above_and_dependencies=None, packages_above_depth=None, packages_select_by_dep=None, packages_skip_by_dep=None, packages_skip_up_to=None, packages_select_build_failed=False, packages_skip_build_finished=False, packages_select_test_failures=False, packages_skip_test_passed=False, packages_select=None, packages_skip=None, packages_select_regex=None, packages_skip_regex=None, packages_start=None, packages_end=None, allow_overriding=[], cmake_args=None, cmake_target=None, cmake_target_skip_unavailable=False, cmake_clean_cache=False, cmake_clean_first=False, cmake_force_configure=False, ament_cmake_args=None, catkin_cmake_args=None, catkin_skip_building_tests=False, mixin_files=None, mixin=None, verb_parser=<colcon_mixin.mixin.mixin_argument.MixinArgumentDecorator object at 0x7a6579baf280>, verb_extension=<colcon_core.verb.build.BuildVerb object at 0x7a6579baed10>, main=<bound method BuildVerb.main of <colcon_core.verb.build.BuildVerb object at 0x7a6579baed10>>, mixin_verb=('build',))
[0.181s] Level 1:colcon.colcon_core.package_discovery:discover_packages(colcon_meta) check parameters
[0.181s] Level 1:colcon.colcon_core.package_discovery:discover_packages(recursive) check parameters
[0.181s] Level 1:colcon.colcon_core.package_discovery:discover_packages(ignore) check parameters
[0.181s] Level 1:colcon.colcon_core.package_discovery:discover_packages(path) check parameters
[0.181s] Level 1:colcon.colcon_core.package_discovery:discover_packages(colcon_meta) discover
[0.181s] Level 1:colcon.colcon_core.package_discovery:discover_packages(recursive) discover
[0.181s] INFO:colcon.colcon_core.package_discovery:Crawling recursively for packages in '/home/xavier/AURA/aura'
[0.181s] Level 1:colcon.colcon_core.package_identification:_identify(.) by extensions ['ignore', 'ignore_ament_install']
[0.182s] Level 1:colcon.colcon_core.package_identification:_identify(.) by extension 'ignore'
[0.182s] Level 1:colcon.colcon_core.package_identification:_identify(.) by extension 'ignore_ament_install'
[0.182s] Level 1:colcon.colcon_core.package_identification:_identify(.) by extensions ['colcon_pkg']
[0.182s] Level 1:colcon.colcon_core.package_identification:_identify(.) by extension 'colcon_pkg'
[0.182s] Level 1:colcon.colcon_core.package_identification:_identify(.) by extensions ['colcon_meta']
[0.182s] Level 1:colcon.colcon_core.package_identification:_identify(.) by extension 'colcon_meta'
[0.182s] Level 1:colcon.colcon_core.package_identification:_identify(.) by extensions ['ros']
[0.182s] Level 1:colcon.colcon_core.package_identification:_identify(.) by extension 'ros'
[0.200s] DEBUG:colcon.colcon_core.package_identification:Package '.' with type 'ros.ament_python' and name 'aura'
[0.200s] Level 1:colcon.colcon_core.package_discovery:discover_packages(recursive) using defaults
[0.200s] Level 1:colcon.colcon_core.package_discovery:discover_packages(ignore) discover
[0.200s] Level 1:colcon.colcon_core.package_discovery:discover_packages(ignore) using defaults
[0.200s] Level 1:colcon.colcon_core.package_discovery:discover_packages(path) discover
[0.200s] Level 1:colcon.colcon_core.package_discovery:discover_packages(path) using defaults
[0.223s] Level 1:colcon.colcon_core.package_discovery:discover_packages(prefix_path) check parameters
[0.223s] Level 1:colcon.colcon_core.package_discovery:discover_packages(prefix_path) discover
[0.229s] DEBUG:colcon.colcon_installed_package_information.package_discovery:Found 71 installed packages in /home/xavier/workspace/ros2_kortex_ws/install
[0.230s] DEBUG:colcon.colcon_installed_package_information.package_discovery:Found 3 installed packages in /home/xavier/ros2_ws/install
[0.231s] DEBUG:colcon.colcon_installed_package_information.package_discovery:Found 401 installed packages in /opt/ros/humble
[0.234s] Level 1:colcon.colcon_core.package_discovery:discover_packages(prefix_path) using defaults
[0.299s] Level 5:colcon.colcon_core.verb:set package 'aura' build argument 'cmake_args' from command line to 'None'
[0.299s] Level 5:colcon.colcon_core.verb:set package 'aura' build argument 'cmake_target' from command line to 'None'
[0.299s] Level 5:colcon.colcon_core.verb:set package 'aura' build argument 'cmake_target_skip_unavailable' from command line to 'False'
[0.299s] Level 5:colcon.colcon_core.verb:set package 'aura' build argument 'cmake_clean_cache' from command line to 'False'
[0.299s] Level 5:colcon.colcon_core.verb:set package 'aura' build argument 'cmake_clean_first' from command line to 'False'
[0.299s] Level 5:colcon.colcon_core.verb:set package 'aura' build argument 'cmake_force_configure' from command line to 'False'
[0.299s] Level 5:colcon.colcon_core.verb:set package 'aura' build argument 'ament_cmake_args' from command line to 'None'
[0.299s] Level 5:colcon.colcon_core.verb:set package 'aura' build argument 'catkin_cmake_args' from command line to 'None'
[0.299s] Level 5:colcon.colcon_core.verb:set package 'aura' build argument 'catkin_skip_building_tests' from command line to 'False'
[0.299s] DEBUG:colcon.colcon_core.verb:Building package 'aura' with the following arguments: {'ament_cmake_args': None, 'build_base': '/home/xavier/AURA/aura/build/aura', 'catkin_cmake_args': None, 'catkin_skip_building_tests': False, 'cmake_args': None, 'cmake_clean_cache': False, 'cmake_clean_first': False, 'cmake_force_configure': False, 'cmake_target': None, 'cmake_target_skip_unavailable': False, 'install_base': '/home/xavier/AURA/aura/install/aura', 'merge_install': False, 'path': '/home/xavier/AURA/aura', 'symlink_install': True, 'test_result_base': None}
[0.299s] INFO:colcon.colcon_core.executor:Executing jobs using 'parallel' executor
[0.300s] DEBUG:colcon.colcon_parallel_executor.executor.parallel:run_until_complete
[0.301s] INFO:colcon.colcon_ros.task.ament_python.build:Building ROS package in '/home/xavier/AURA/aura' with build type 'ament_python'
[0.301s] Level 1:colcon.colcon_core.shell:create_environment_hook('aura', 'ament_prefix_path')
[0.304s] INFO:colcon.colcon_core.plugin_system:Skipping extension 'colcon_core.shell.bat': Not used on non-Windows systems
[0.304s] INFO:colcon.colcon_core.shell:Creating environment hook '/home/xavier/AURA/aura/install/aura/share/aura/hook/ament_prefix_path.ps1'
[0.305s] INFO:colcon.colcon_core.shell:Creating environment descriptor '/home/xavier/AURA/aura/install/aura/share/aura/hook/ament_prefix_path.dsv'
[0.306s] INFO:colcon.colcon_core.shell:Creating environment hook '/home/xavier/AURA/aura/install/aura/share/aura/hook/ament_prefix_path.sh'
[0.307s] INFO:colcon.colcon_core.shell:Skip shell extension 'powershell' for command environment: Not usable outside of PowerShell
[0.307s] DEBUG:colcon.colcon_core.shell:Skip shell extension 'dsv' for command environment
[0.588s] INFO:colcon.colcon_core.task.python.build:Building Python package in '/home/xavier/AURA/aura'
[0.588s] INFO:colcon.colcon_core.shell:Skip shell extension 'powershell' for command environment: Not usable outside of PowerShell
[0.588s] DEBUG:colcon.colcon_core.shell:Skip shell extension 'dsv' for command environment
[1.393s] DEBUG:colcon.colcon_core.event_handler.log_command:Invoking command in '/home/xavier/AURA/aura/build/aura': CONDA_PROMPT_MODIFIER=(base) PYTHONPATH=/home/xavier/AURA/aura/build/aura/prefix_override:/usr/lib/python3/dist-packages/colcon_core/task/python/colcon_distutils_commands:/home/xavier/AURA/aura/install/aura/lib/python3.10/site-packages:${PYTHONPATH} /usr/bin/python3 -W ignore:setup.py install is deprecated -W ignore:easy_install command is deprecated setup.py develop --editable --build-directory /home/xavier/AURA/aura/build/aura/build --no-deps symlink_data
[2.278s] Level 1:colcon.colcon_core.shell:create_environment_hook('aura', 'pythonpath_develop')
[2.279s] DEBUG:colcon.colcon_core.event_handler.log_command:Invoked command in '/home/xavier/AURA/aura/build/aura' returned '0': CONDA_PROMPT_MODIFIER=(base) PYTHONPATH=/home/xavier/AURA/aura/build/aura/prefix_override:/usr/lib/python3/dist-packages/colcon_core/task/python/colcon_distutils_commands:/home/xavier/AURA/aura/install/aura/lib/python3.10/site-packages:${PYTHONPATH} /usr/bin/python3 -W ignore:setup.py install is deprecated -W ignore:easy_install command is deprecated setup.py develop --editable --build-directory /home/xavier/AURA/aura/build/aura/build --no-deps symlink_data
[2.279s] INFO:colcon.colcon_core.shell:Creating environment hook '/home/xavier/AURA/aura/build/aura/share/aura/hook/pythonpath_develop.ps1'
[2.280s] INFO:colcon.colcon_core.shell:Creating environment descriptor '/home/xavier/AURA/aura/build/aura/share/aura/hook/pythonpath_develop.dsv'
[2.281s] INFO:colcon.colcon_core.shell:Creating environment hook '/home/xavier/AURA/aura/build/aura/share/aura/hook/pythonpath_develop.sh'
[2.285s] Level 1:colcon.colcon_core.environment:checking '/home/xavier/AURA/aura/install/aura' for CMake module files
[2.285s] Level 1:colcon.colcon_core.environment:checking '/home/xavier/AURA/aura/install/aura' for CMake config files
[2.286s] Level 1:colcon.colcon_core.environment:checking '/home/xavier/AURA/aura/install/aura/lib'
[2.286s] Level 1:colcon.colcon_core.environment:checking '/home/xavier/AURA/aura/install/aura/bin'
[2.286s] Level 1:colcon.colcon_core.environment:checking '/home/xavier/AURA/aura/install/aura/lib/pkgconfig/aura.pc'
[2.287s] Level 1:colcon.colcon_core.environment:checking '/home/xavier/AURA/aura/install/aura/lib/python3.10/site-packages'
[2.287s] Level 1:colcon.colcon_core.shell:create_environment_hook('aura', 'pythonpath')
[2.287s] INFO:colcon.colcon_core.shell:Creating environment hook '/home/xavier/AURA/aura/install/aura/share/aura/hook/pythonpath.ps1'
[2.288s] INFO:colcon.colcon_core.shell:Creating environment descriptor '/home/xavier/AURA/aura/install/aura/share/aura/hook/pythonpath.dsv'
[2.288s] INFO:colcon.colcon_core.shell:Creating environment hook '/home/xavier/AURA/aura/install/aura/share/aura/hook/pythonpath.sh'
[2.289s] Level 1:colcon.colcon_core.environment:checking '/home/xavier/AURA/aura/install/aura/bin'
[2.289s] Level 1:colcon.colcon_core.environment:create_environment_scripts_only(aura)
[2.289s] INFO:colcon.colcon_core.shell:Creating package script '/home/xavier/AURA/aura/install/aura/share/aura/package.ps1'
[2.290s] INFO:colcon.colcon_core.shell:Creating package descriptor '/home/xavier/AURA/aura/install/aura/share/aura/package.dsv'
[2.291s] INFO:colcon.colcon_core.shell:Creating package script '/home/xavier/AURA/aura/install/aura/share/aura/package.sh'
[2.292s] INFO:colcon.colcon_core.shell:Creating package script '/home/xavier/AURA/aura/install/aura/share/aura/package.bash'
[2.292s] INFO:colcon.colcon_core.shell:Creating package script '/home/xavier/AURA/aura/install/aura/share/aura/package.zsh'
[2.293s] Level 1:colcon.colcon_core.environment:create_file_with_runtime_dependencies(/home/xavier/AURA/aura/install/aura/share/colcon-core/packages/aura)
[2.294s] DEBUG:colcon.colcon_parallel_executor.executor.parallel:closing loop
[2.294s] DEBUG:colcon.colcon_parallel_executor.executor.parallel:loop closed
[2.295s] DEBUG:colcon.colcon_parallel_executor.executor.parallel:run_until_complete finished with '0'
[2.295s] DEBUG:colcon.colcon_core.event_reactor:joining thread
[2.303s] INFO:colcon.colcon_core.plugin_system:Skipping extension 'colcon_notification.desktop_notification.terminal_notifier': Not used on non-Darwin systems
[2.303s] INFO:colcon.colcon_core.plugin_system:Skipping extension 'colcon_notification.desktop_notification.win32': Not used on non-Windows systems
[2.303s] INFO:colcon.colcon_notification.desktop_notification:Sending desktop notification using 'notify2'
[2.318s] DEBUG:colcon.colcon_core.event_reactor:joined thread
[2.319s] INFO:colcon.colcon_core.shell:Creating prefix script '/home/xavier/AURA/aura/install/local_setup.ps1'
[2.321s] INFO:colcon.colcon_core.shell:Creating prefix util module '/home/xavier/AURA/aura/install/_local_setup_util_ps1.py'
[2.323s] INFO:colcon.colcon_core.shell:Creating prefix chain script '/home/xavier/AURA/aura/install/setup.ps1'
[2.329s] INFO:colcon.colcon_core.shell:Creating prefix script '/home/xavier/AURA/aura/install/local_setup.sh'
[2.330s] INFO:colcon.colcon_core.shell:Creating prefix util module '/home/xavier/AURA/aura/install/_local_setup_util_sh.py'
[2.331s] INFO:colcon.colcon_core.shell:Creating prefix chain script '/home/xavier/AURA/aura/install/setup.sh'
[2.336s] INFO:colcon.colcon_core.shell:Creating prefix script '/home/xavier/AURA/aura/install/local_setup.bash'
[2.337s] INFO:colcon.colcon_core.shell:Creating prefix chain script '/home/xavier/AURA/aura/install/setup.bash'
[2.341s] INFO:colcon.colcon_core.shell:Creating prefix script '/home/xavier/AURA/aura/install/local_setup.zsh'
[2.341s] INFO:colcon.colcon_core.shell:Creating prefix chain script '/home/xavier/AURA/aura/install/setup.zsh'
