[0.135s] DEBUG:colcon:Command line arguments: ['/usr/bin/colcon', 'build', '--symlink-install']
[0.135s] DEBUG:colcon:Parsed command line arguments: Namespace(log_base=None, log_level=None, verb_name='build', build_base='build', install_base='install', merge_install=False, symlink_install=True, test_result_base=None, continue_on_error=False, executor='parallel', parallel_workers=22, event_handlers=None, ignore_user_meta=False, metas=['./colcon.meta'], base_paths=['.'], packages_ignore=None, packages_ignore_regex=None, paths=None, packages_up_to=None, packages_up_to_regex=None, packages_above=None, packages_above_and_dependencies=None, packages_above_depth=None, packages_select_by_dep=None, packages_skip_by_dep=None, packages_skip_up_to=None, packages_select_build_failed=False, packages_skip_build_finished=False, packages_select_test_failures=False, packages_skip_test_passed=False, packages_select=None, packages_skip=None, packages_select_regex=None, packages_skip_regex=None, packages_start=None, packages_end=None, cmake_args=None, cmake_target=None, cmake_target_skip_unavailable=False, cmake_clean_cache=False, cmake_clean_first=False, cmake_force_configure=False, ament_cmake_args=None, catkin_cmake_args=None, catkin_skip_building_tests=False, mixin_files=None, mixin=None, verb_parser=<colcon_mixin.mixin.mixin_argument.MixinArgumentDecorator object at 0x700ee032bfa0>, verb_extension=<colcon_core.verb.build.BuildVerb object at 0x700ee04f0f10>, main=<bound method BuildVerb.main of <colcon_core.verb.build.BuildVerb object at 0x700ee04f0f10>>, mixin_verb=('build',))
[0.292s] Level 1:colcon.colcon_core.package_discovery:discover_packages(colcon_meta) check parameters
[0.293s] INFO:colcon.colcon_metadata.package_discovery.colcon_meta:Using configuration from '/root/.colcon/metadata/default/Gazebo.meta'
[0.293s] INFO:colcon.colcon_metadata.package_discovery.colcon_meta:Using configuration from '/root/.colcon/metadata/default/fastdds.meta'
[0.294s] INFO:colcon.colcon_metadata.package_discovery.colcon_meta:Using configuration from '/root/.colcon/metadata/default/fastrtps.meta'
[0.294s] Level 1:colcon.colcon_core.package_discovery:discover_packages(recursive) check parameters
[0.294s] Level 1:colcon.colcon_core.package_discovery:discover_packages(ignore) check parameters
[0.294s] Level 1:colcon.colcon_core.package_discovery:discover_packages(path) check parameters
[0.294s] Level 1:colcon.colcon_core.package_discovery:discover_packages(colcon_meta) discover
[0.294s] Level 1:colcon.colcon_core.package_discovery:discover_packages(recursive) discover
[0.294s] INFO:colcon.colcon_core.package_discovery:Crawling recursively for packages in '/root/ros2_ws/src/aura'
[0.294s] Level 1:colcon.colcon_core.package_identification:_identify(.) by extensions ['ignore', 'ignore_ament_install']
[0.294s] Level 1:colcon.colcon_core.package_identification:_identify(.) by extension 'ignore'
[0.294s] Level 1:colcon.colcon_core.package_identification:_identify(.) by extension 'ignore_ament_install'
[0.294s] Level 1:colcon.colcon_core.package_identification:_identify(.) by extensions ['colcon_pkg']
[0.294s] Level 1:colcon.colcon_core.package_identification:_identify(.) by extension 'colcon_pkg'
[0.294s] Level 1:colcon.colcon_core.package_identification:_identify(.) by extensions ['colcon_meta']
[0.294s] Level 1:colcon.colcon_core.package_identification:_identify(.) by extension 'colcon_meta'
[0.294s] Level 1:colcon.colcon_core.package_identification:_identify(.) by extensions ['ros']
[0.294s] Level 1:colcon.colcon_core.package_identification:_identify(.) by extension 'ros'
[0.309s] DEBUG:colcon.colcon_core.package_identification:Package '.' with type 'ros.ament_python' and name 'aura'
[0.309s] Level 1:colcon.colcon_core.package_discovery:discover_packages(recursive) using defaults
[0.309s] Level 1:colcon.colcon_core.package_discovery:discover_packages(ignore) discover
[0.309s] Level 1:colcon.colcon_core.package_discovery:discover_packages(ignore) using defaults
[0.309s] Level 1:colcon.colcon_core.package_discovery:discover_packages(path) discover
[0.309s] Level 1:colcon.colcon_core.package_discovery:discover_packages(path) using defaults
[0.341s] Level 5:colcon.colcon_core.verb:set package 'aura' build argument 'cmake_args' from command line to 'None'
[0.341s] Level 5:colcon.colcon_core.verb:set package 'aura' build argument 'cmake_target' from command line to 'None'
[0.341s] Level 5:colcon.colcon_core.verb:set package 'aura' build argument 'cmake_target_skip_unavailable' from command line to 'False'
[0.341s] Level 5:colcon.colcon_core.verb:set package 'aura' build argument 'cmake_clean_cache' from command line to 'False'
[0.341s] Level 5:colcon.colcon_core.verb:set package 'aura' build argument 'cmake_clean_first' from command line to 'False'
[0.341s] Level 5:colcon.colcon_core.verb:set package 'aura' build argument 'cmake_force_configure' from command line to 'False'
[0.341s] Level 5:colcon.colcon_core.verb:set package 'aura' build argument 'ament_cmake_args' from command line to 'None'
[0.341s] Level 5:colcon.colcon_core.verb:set package 'aura' build argument 'catkin_cmake_args' from command line to 'None'
[0.341s] Level 5:colcon.colcon_core.verb:set package 'aura' build argument 'catkin_skip_building_tests' from command line to 'False'
[0.341s] DEBUG:colcon.colcon_core.verb:Building package 'aura' with the following arguments: {'ament_cmake_args': None, 'build_base': '/root/ros2_ws/src/aura/build/aura', 'catkin_cmake_args': None, 'catkin_skip_building_tests': False, 'cmake_args': None, 'cmake_clean_cache': False, 'cmake_clean_first': False, 'cmake_force_configure': False, 'cmake_target': None, 'cmake_target_skip_unavailable': False, 'install_base': '/root/ros2_ws/src/aura/install/aura', 'merge_install': False, 'path': '/root/ros2_ws/src/aura', 'symlink_install': True, 'test_result_base': None}
[0.342s] INFO:colcon.colcon_core.executor:Executing jobs using 'parallel' executor
[0.343s] DEBUG:colcon.colcon_parallel_executor.executor.parallel:run_until_complete
[0.343s] INFO:colcon.colcon_ros.task.ament_python.build:Building ROS package in '/root/ros2_ws/src/aura' with build type 'ament_python'
[0.343s] Level 1:colcon.colcon_core.shell:create_environment_hook('aura', 'ament_prefix_path')
[0.346s] INFO:colcon.colcon_core.plugin_system:Skipping extension 'colcon_core.shell.bat': Not used on non-Windows systems
[0.346s] INFO:colcon.colcon_core.shell:Creating environment hook '/root/ros2_ws/src/aura/install/aura/share/aura/hook/ament_prefix_path.ps1'
[0.347s] INFO:colcon.colcon_core.shell:Creating environment descriptor '/root/ros2_ws/src/aura/install/aura/share/aura/hook/ament_prefix_path.dsv'
[0.347s] INFO:colcon.colcon_core.shell:Creating environment hook '/root/ros2_ws/src/aura/install/aura/share/aura/hook/ament_prefix_path.sh'
[0.348s] INFO:colcon.colcon_core.shell:Skip shell extension 'powershell' for command environment: Not usable outside of PowerShell
[0.348s] DEBUG:colcon.colcon_core.shell:Skip shell extension 'dsv' for command environment
[0.680s] INFO:colcon.colcon_core.task.python.build:Building Python package in '/root/ros2_ws/src/aura'
[0.681s] INFO:colcon.colcon_core.shell:Skip shell extension 'powershell' for command environment: Not usable outside of PowerShell
[0.681s] DEBUG:colcon.colcon_core.shell:Skip shell extension 'dsv' for command environment
[1.187s] DEBUG:colcon.colcon_core.event_handler.log_command:Invoking command in '/root/ros2_ws/src/aura/build/aura': PYTHONPATH=/root/ros2_ws/src/aura/build/aura/prefix_override:/usr/lib/python3/dist-packages/colcon_core/task/python/colcon_distutils_commands:/root/ros2_ws/src/aura/install/aura/lib/python3.10/site-packages:${PYTHONPATH} /usr/bin/python3 -W ignore:setup.py install is deprecated -W ignore:easy_install command is deprecated setup.py develop --editable --build-directory /root/ros2_ws/src/aura/build/aura/build --no-deps symlink_data
[1.750s] Level 1:colcon.colcon_core.shell:create_environment_hook('aura', 'pythonpath_develop')
[1.750s] DEBUG:colcon.colcon_core.event_handler.log_command:Invoked command in '/root/ros2_ws/src/aura/build/aura' returned '0': PYTHONPATH=/root/ros2_ws/src/aura/build/aura/prefix_override:/usr/lib/python3/dist-packages/colcon_core/task/python/colcon_distutils_commands:/root/ros2_ws/src/aura/install/aura/lib/python3.10/site-packages:${PYTHONPATH} /usr/bin/python3 -W ignore:setup.py install is deprecated -W ignore:easy_install command is deprecated setup.py develop --editable --build-directory /root/ros2_ws/src/aura/build/aura/build --no-deps symlink_data
[1.751s] INFO:colcon.colcon_core.shell:Creating environment hook '/root/ros2_ws/src/aura/build/aura/share/aura/hook/pythonpath_develop.ps1'
[1.753s] INFO:colcon.colcon_core.shell:Creating environment descriptor '/root/ros2_ws/src/aura/build/aura/share/aura/hook/pythonpath_develop.dsv'
[1.754s] INFO:colcon.colcon_core.shell:Creating environment hook '/root/ros2_ws/src/aura/build/aura/share/aura/hook/pythonpath_develop.sh'
[1.759s] Level 1:colcon.colcon_core.environment:checking '/root/ros2_ws/src/aura/install/aura' for CMake module files
[1.760s] Level 1:colcon.colcon_core.environment:checking '/root/ros2_ws/src/aura/install/aura' for CMake config files
[1.761s] Level 1:colcon.colcon_core.environment:checking '/root/ros2_ws/src/aura/install/aura/lib'
[1.761s] Level 1:colcon.colcon_core.environment:checking '/root/ros2_ws/src/aura/install/aura/bin'
[1.762s] Level 1:colcon.colcon_core.environment:checking '/root/ros2_ws/src/aura/install/aura/lib/pkgconfig/aura.pc'
[1.762s] Level 1:colcon.colcon_core.environment:checking '/root/ros2_ws/src/aura/install/aura/lib/python3.10/site-packages'
[1.762s] Level 1:colcon.colcon_core.shell:create_environment_hook('aura', 'pythonpath')
[1.762s] INFO:colcon.colcon_core.shell:Creating environment hook '/root/ros2_ws/src/aura/install/aura/share/aura/hook/pythonpath.ps1'
[1.763s] INFO:colcon.colcon_core.shell:Creating environment descriptor '/root/ros2_ws/src/aura/install/aura/share/aura/hook/pythonpath.dsv'
[1.764s] INFO:colcon.colcon_core.shell:Creating environment hook '/root/ros2_ws/src/aura/install/aura/share/aura/hook/pythonpath.sh'
[1.765s] Level 1:colcon.colcon_core.environment:checking '/root/ros2_ws/src/aura/install/aura/bin'
[1.765s] Level 1:colcon.colcon_core.environment:create_environment_scripts_only(aura)
[1.765s] INFO:colcon.colcon_core.shell:Creating package script '/root/ros2_ws/src/aura/install/aura/share/aura/package.ps1'
[1.767s] INFO:colcon.colcon_core.shell:Creating package descriptor '/root/ros2_ws/src/aura/install/aura/share/aura/package.dsv'
[1.768s] INFO:colcon.colcon_core.shell:Creating package script '/root/ros2_ws/src/aura/install/aura/share/aura/package.sh'
[1.769s] INFO:colcon.colcon_core.shell:Creating package script '/root/ros2_ws/src/aura/install/aura/share/aura/package.bash'
[1.770s] INFO:colcon.colcon_core.shell:Creating package script '/root/ros2_ws/src/aura/install/aura/share/aura/package.zsh'
[1.771s] Level 1:colcon.colcon_core.environment:create_file_with_runtime_dependencies(/root/ros2_ws/src/aura/install/aura/share/colcon-core/packages/aura)
[1.771s] DEBUG:colcon.colcon_parallel_executor.executor.parallel:closing loop
[1.772s] DEBUG:colcon.colcon_parallel_executor.executor.parallel:loop closed
[1.772s] DEBUG:colcon.colcon_parallel_executor.executor.parallel:run_until_complete finished with '0'
[1.773s] DEBUG:colcon.colcon_core.event_reactor:joining thread
[1.782s] INFO:colcon.colcon_core.plugin_system:Skipping extension 'colcon_notification.desktop_notification.notify_send': Could not find 'notify-send'
[1.782s] INFO:colcon.colcon_core.plugin_system:Skipping extension 'colcon_notification.desktop_notification.terminal_notifier': Not used on non-Darwin systems
[1.782s] INFO:colcon.colcon_core.plugin_system:Skipping extension 'colcon_notification.desktop_notification.win32': Not used on non-Windows systems
[1.782s] INFO:colcon.colcon_notification.desktop_notification:Sending desktop notification using 'notify2'
[1.787s] DEBUG:colcon.colcon_notification.desktop_notification.notify2:Failed to initialize notify2: org.freedesktop.DBus.Error.Spawn.ExecFailed: /usr/bin/dbus-launch terminated abnormally without any error message
[1.787s] DEBUG:colcon.colcon_core.event_reactor:joined thread
[1.788s] INFO:colcon.colcon_core.shell:Creating prefix script '/root/ros2_ws/src/aura/install/local_setup.ps1'
[1.789s] INFO:colcon.colcon_core.shell:Creating prefix util module '/root/ros2_ws/src/aura/install/_local_setup_util_ps1.py'
[1.791s] INFO:colcon.colcon_core.shell:Creating prefix chain script '/root/ros2_ws/src/aura/install/setup.ps1'
[1.793s] INFO:colcon.colcon_core.shell:Creating prefix script '/root/ros2_ws/src/aura/install/local_setup.sh'
[1.794s] INFO:colcon.colcon_core.shell:Creating prefix util module '/root/ros2_ws/src/aura/install/_local_setup_util_sh.py'
[1.795s] INFO:colcon.colcon_core.shell:Creating prefix chain script '/root/ros2_ws/src/aura/install/setup.sh'
[1.796s] INFO:colcon.colcon_core.shell:Creating prefix script '/root/ros2_ws/src/aura/install/local_setup.bash'
[1.797s] INFO:colcon.colcon_core.shell:Creating prefix chain script '/root/ros2_ws/src/aura/install/setup.bash'
[1.799s] INFO:colcon.colcon_core.shell:Creating prefix script '/root/ros2_ws/src/aura/install/local_setup.zsh'
[1.799s] INFO:colcon.colcon_core.shell:Creating prefix chain script '/root/ros2_ws/src/aura/install/setup.zsh'
