[1.092s] Invoking command in '/home/xavier/AURA/aura/build/aura': CONDA_PROMPT_MODIFIER=(base) PYTHONPATH=/home/xavier/AURA/aura/build/aura/prefix_override:/usr/lib/python3/dist-packages/colcon_core/task/python/colcon_distutils_commands:/home/xavier/AURA/aura/install/aura/lib/python3.10/site-packages:${PYTHONPATH} /usr/bin/python3 -W ignore:setup.py install is deprecated -W ignore:easy_install command is deprecated setup.py develop --editable --build-directory /home/xavier/AURA/aura/build/aura/build --no-deps symlink_data
[1.538s] running develop
[1.830s] running egg_info
[1.853s] creating aura.egg-info
[1.853s] writing aura.egg-info/PKG-INFO
[1.853s] writing dependency_links to aura.egg-info/dependency_links.txt
[1.854s] writing entry points to aura.egg-info/entry_points.txt
[1.854s] writing requirements to aura.egg-info/requires.txt
[1.854s] writing top-level names to aura.egg-info/top_level.txt
[1.854s] writing manifest file 'aura.egg-info/SOURCES.txt'
[1.908s] reading manifest file 'aura.egg-info/SOURCES.txt'
[1.909s] writing manifest file 'aura.egg-info/SOURCES.txt'
[1.932s] running build_ext
[1.932s] Creating /home/xavier/AURA/aura/install/aura/lib/python3.10/site-packages/aura.egg-link (link to .)
[1.933s] Installing ackermann_driver script to /home/xavier/AURA/aura/install/aura/lib/aura
[1.933s] Installing encoder script to /home/xavier/AURA/aura/install/aura/lib/aura
[1.934s] Installing my_robot_driver script to /home/xavier/AURA/aura/install/aura/lib/aura
[1.934s] Installing stepper script to /home/xavier/AURA/aura/install/aura/lib/aura
[1.934s] Installing subscribe script to /home/xavier/AURA/aura/install/aura/lib/aura
[1.934s] Installing teleop script to /home/xavier/AURA/aura/install/aura/lib/aura
[1.934s] 
[1.934s] Installed /home/xavier/AURA/aura/build/aura
[1.935s] running symlink_data
[1.935s] creating /home/xavier/AURA/aura/install/aura/share/ament_index/resource_index/packages
[1.935s] symbolically linking /home/xavier/AURA/aura/build/aura/resource/aura -> /home/xavier/AURA/aura/install/aura/share/ament_index/resource_index/packages
[1.935s] symbolically linking /home/xavier/AURA/aura/build/aura/package.xml -> /home/xavier/AURA/aura/install/aura/share/aura
[1.935s] creating /home/xavier/AURA/aura/install/aura/share/aura/launch
[1.935s] symbolically linking /home/xavier/AURA/aura/build/aura/launch/robot_launch.py -> /home/xavier/AURA/aura/install/aura/share/aura/launch
[1.935s] creating /home/xavier/AURA/aura/install/aura/share/aura/worlds
[1.935s] symbolically linking /home/xavier/AURA/aura/build/aura/worlds/my_world.wbt -> /home/xavier/AURA/aura/install/aura/share/aura/worlds
[1.936s] creating /home/xavier/AURA/aura/install/aura/share/aura/resource
[1.936s] symbolically linking /home/xavier/AURA/aura/build/aura/resource/my_robot.urdf -> /home/xavier/AURA/aura/install/aura/share/aura/resource
[1.977s] Invoked command in '/home/xavier/AURA/aura/build/aura' returned '0': CONDA_PROMPT_MODIFIER=(base) PYTHONPATH=/home/xavier/AURA/aura/build/aura/prefix_override:/usr/lib/python3/dist-packages/colcon_core/task/python/colcon_distutils_commands:/home/xavier/AURA/aura/install/aura/lib/python3.10/site-packages:${PYTHONPATH} /usr/bin/python3 -W ignore:setup.py install is deprecated -W ignore:easy_install command is deprecated setup.py develop --editable --build-directory /home/xavier/AURA/aura/build/aura/build --no-deps symlink_data
