[0.767s] Invoking command in '/root/ros2_ws/src/aura/build/aura': PYTHONPATH=/root/ros2_ws/src/aura/build/aura/prefix_override:/usr/lib/python3/dist-packages/colcon_core/task/python/colcon_distutils_commands:/root/ros2_ws/src/aura/install/aura/lib/python3.10/site-packages:${PYTHONPATH} /usr/bin/python3 -W ignore:setup.py install is deprecated -W ignore:easy_install command is deprecated setup.py develop --editable --build-directory /root/ros2_ws/src/aura/build/aura/build --no-deps symlink_data --force
[1.120s] running develop
[1.294s] running egg_info
[1.294s] writing aura.egg-info/PKG-INFO
[1.294s] writing dependency_links to aura.egg-info/dependency_links.txt
[1.294s] writing entry points to aura.egg-info/entry_points.txt
[1.294s] writing requirements to aura.egg-info/requires.txt
[1.294s] writing top-level names to aura.egg-info/top_level.txt
[1.296s] reading manifest file 'aura.egg-info/SOURCES.txt'
[1.297s] writing manifest file 'aura.egg-info/SOURCES.txt'
[1.359s] running build_ext
[1.359s] Creating /root/ros2_ws/src/aura/install/aura/lib/python3.10/site-packages/aura.egg-link (link to .)
[1.360s] Installing my_robot_driver script to /root/ros2_ws/src/aura/install/aura/lib/aura
[1.361s] 
[1.361s] Installed /root/ros2_ws/src/aura/build/aura
[1.361s] running symlink_data
[1.361s] symbolically linking /root/ros2_ws/src/aura/build/aura/resource/aura -> /root/ros2_ws/src/aura/install/aura/share/ament_index/resource_index/packages
[1.361s] symbolically linking /root/ros2_ws/src/aura/build/aura/package.xml -> /root/ros2_ws/src/aura/install/aura/share/aura
[1.362s] symbolically linking /root/ros2_ws/src/aura/build/aura/launch/robot_launch.py -> /root/ros2_ws/src/aura/install/aura/share/aura/launch
[1.362s] symbolically linking /root/ros2_ws/src/aura/build/aura/worlds/my_world.wbt -> /root/ros2_ws/src/aura/install/aura/share/aura/worlds
[1.362s] symbolically linking /root/ros2_ws/src/aura/build/aura/resource/my_robot.urdf -> /root/ros2_ws/src/aura/install/aura/share/aura/resource
[1.400s] Invoked command in '/root/ros2_ws/src/aura/build/aura' returned '0': PYTHONPATH=/root/ros2_ws/src/aura/build/aura/prefix_override:/usr/lib/python3/dist-packages/colcon_core/task/python/colcon_distutils_commands:/root/ros2_ws/src/aura/install/aura/lib/python3.10/site-packages:${PYTHONPATH} /usr/bin/python3 -W ignore:setup.py install is deprecated -W ignore:easy_install command is deprecated setup.py develop --editable --build-directory /root/ros2_ws/src/aura/build/aura/build --no-deps symlink_data --force
